<?xml version="1.0" encoding="UTF-8"?>
<testng-results skipped="0" failed="0" ignored="0" total="1" passed="1">
  <reporter-output>
  </reporter-output>
  <suite name="Default suite" duration-ms="22003" started-at="2020-04-03T13:49:25Z" finished-at="2020-04-03T13:49:47Z">
    <groups>
    </groups>
    <test name="Default test" duration-ms="22003" started-at="2020-04-03T13:49:25Z" finished-at="2020-04-03T13:49:47Z">
      <class name="AirVistaraTest.RoundTripFlightSearch">
        <test-method status="PASS" signature="initialize()[pri:0, instance:AirVistaraTest.RoundTripFlightSearch@24fcf36f]" name="initialize" is-config="true" duration-ms="10488" started-at="2020-04-03T13:49:25Z" finished-at="2020-04-03T13:49:35Z">
          <reporter-output>
          </reporter-output>
        </test-method> <!-- initialize -->
        <test-method status="PASS" signature="RoundTrip()[pri:0, instance:AirVistaraTest.RoundTripFlightSearch@24fcf36f]" name="RoundTrip" duration-ms="11415" started-at="2020-04-03T13:49:35Z" finished-at="2020-04-03T13:49:47Z">
          <reporter-output>
          </reporter-output>
        </test-method> <!-- RoundTrip -->
        <test-method status="PASS" signature="closeBrowser()[pri:0, instance:AirVistaraTest.RoundTripFlightSearch@24fcf36f]" name="closeBrowser" is-config="true" duration-ms="79" started-at="2020-04-03T13:49:47Z" finished-at="2020-04-03T13:49:47Z">
          <reporter-output>
          </reporter-output>
        </test-method> <!-- closeBrowser -->
      </class> <!-- AirVistaraTest.RoundTripFlightSearch -->
    </test> <!-- Default test -->
  </suite> <!-- Default suite -->
</testng-results>
